<?xml version="1.0" encoding="UTF-8"?>
<!-- Generated by org.testng.reporters.JUnitReportReporter -->
<testsuite skipped="0" hostname="SAMEERS-T460" name="com.incontact.example.Test1" tests="1" failures="0" timestamp="24 Apr 2017 04:08:39 GMT" time="3.592" errors="0">
  <testcase name="firtsTest" time="3.592" classname="com.incontact.example.Test1"/>
</testsuite> <!-- com.incontact.example.Test1 -->
