<?xml version="1.0" encoding="UTF-8"?>
<!-- Generated by org.testng.reporters.JUnitReportReporter -->
<testsuite skipped="0" hostname="SAMEERS-T460" name="com.incontact.example.TestSuite1" tests="1" failures="0" timestamp="24 Apr 2017 08:44:06 GMT" time="4.680" errors="0">
  <testcase name="TestCase1" time="4.680" classname="com.incontact.example.TestSuite1"/>
</testsuite> <!-- com.incontact.example.TestSuite1 -->
