<?xml version="1.0" encoding="UTF-8"?>
<!-- Generated by org.testng.reporters.JUnitReportReporter -->
<testsuite skipped="0" hostname="SAMEERS-T460" name="com.incontact.test.testsuite.jmeter.TestSuite_StackoverflowBasic" tests="1" failures="0" timestamp="25 Apr 2017 09:47:00 GMT" time="2.964" errors="0">
  <testcase name="TestCase1_SO" time="2.964" classname="com.incontact.test.testsuite.jmeter.TestSuite_StackoverflowBasic"/>
</testsuite> <!-- com.incontact.test.testsuite.jmeter.TestSuite_StackoverflowBasic -->
