<?xml version="1.0" encoding="UTF-8"?>
<!-- Generated by org.testng.reporters.JUnitReportReporter -->
<testsuite skipped="0" hostname="SAMEERS-T460" name="com.incontact.test.testsuite.jmeter.TestSuite_RestApiAccess" tests="1" failures="0" timestamp="29 Jun 2017 10:00:04 GMT" time="1.307" errors="0">
  <testcase name="RestApi_TestCase1" time="1.307" classname="com.incontact.test.testsuite.jmeter.TestSuite_RestApiAccess"/>
</testsuite> <!-- com.incontact.test.testsuite.jmeter.TestSuite_RestApiAccess -->
