<?xml version="1.0" encoding="UTF-8"?>
<!-- Generated by org.testng.reporters.JUnitReportReporter -->
<testsuite skipped="0" hostname="SAMEERS-T460" name="com.incontact.functionalTest.FunctionalUiEmulationPoc" tests="1" failures="0" timestamp="25 Apr 2017 05:42:56 GMT" time="1.656" errors="0">
  <testcase name="TestCase1" time="1.656" classname="com.incontact.functionalTest.FunctionalUiEmulationPoc"/>
</testsuite> <!-- com.incontact.functionalTest.FunctionalUiEmulationPoc -->
