<?xml version="1.0" encoding="UTF-8"?>
<!-- Generated by org.testng.reporters.JUnitReportReporter -->
<testsuite skipped="0" hostname="SAMEERS-T460" name="com.incontact.test.FunctionalUiEmulationPoc" tests="1" failures="0" timestamp="25 Apr 2017 03:54:44 GMT" time="1.657" errors="0">
  <testcase name="TestCase1" time="1.657" classname="com.incontact.test.FunctionalUiEmulationPoc"/>
</testsuite> <!-- com.incontact.test.FunctionalUiEmulationPoc -->
