<?xml version="1.0" encoding="UTF-8"?>
<!-- Generated by org.testng.reporters.JUnitReportReporter -->
<testsuite skipped="0" hostname="SAMEERS-T460" name="com.incontact.test.testsuite.jmeter.TestSuite_UserActionsOnWebEmulation" tests="1" failures="0" timestamp="29 Jun 2017 10:00:04 GMT" time="4.088" errors="0">
  <testcase name="TestCase1_SO" time="4.088" classname="com.incontact.test.testsuite.jmeter.TestSuite_UserActionsOnWebEmulation"/>
</testsuite> <!-- com.incontact.test.testsuite.jmeter.TestSuite_UserActionsOnWebEmulation -->
